CREATE TABLE `DEPARTMENT` (
  `Dname` varchar(50) NOT NULL,
  `Dnumber` int(11) NOT NULL,
  `Manager_ssn` varchar(100) DEFAULT NULL,
  `Manager_start_date` date DEFAULT NULL
) ENGINE=InnoDB DEFAULT CHARSET=utf8mb4;

CREATE TABLE `DEPENDENT` (
  `Essn` varchar(15) NOT NULL,
  `Dependent_name` varchar(100) NOT NULL,
  `Sex` char(1) DEFAULT NULL,
  `Birth_date` date DEFAULT NULL,
  `Relationship` varchar(50) DEFAULT NULL
) ENGINE=InnoDB DEFAULT CHARSET=utf8mb4;

CREATE TABLE `DEPT_LOCATIONS` (
  `Dnumber` int(11) NOT NULL,
  `Dlocation` varchar(50) NOT NULL
) ENGINE=InnoDB DEFAULT CHARSET=utf8mb4;

CREATE TABLE `EMPLOYEE` (
  `SSN` varchar(15) NOT NULL,
  `Fname` varchar(50) NOT NULL,
  `Minit` varchar(1) DEFAULT NULL,
  `Lname` varchar(50) NOT NULL,
  `Address` varchar(500) DEFAULT NULL,
  `Sex` varchar(6) DEFAULT NULL,
  `Birth_date` date DEFAULT NULL,
  `Salary` decimal(10,2) DEFAULT NULL,
  `Supervisor` varchar(15) DEFAULT NULL,
  `Department` int(11) NOT NULL,
  `Name` varchar(200) GENERATED ALWAYS AS (concat_ws(' ',`Fname`,`Minit`,`Lname`)) VIRTUAL
) ENGINE=InnoDB DEFAULT CHARSET=utf8mb4;

CREATE TABLE `PROJECT` (
  `Pname` varchar(50) NOT NULL,
  `Pnumber` int(11) NOT NULL,
  `Plocation` varchar(25) DEFAULT NULL,
  `Controlling_department` int(11) NOT NULL
) ENGINE=InnoDB DEFAULT CHARSET=utf8mb4;

CREATE TABLE `WORKS_ON` (
  `Essn` varchar(15) NOT NULL,
  `Pno` int(11) NOT NULL,
  `Hours` decimal(3,1) NOT NULL
) ENGINE=InnoDB DEFAULT CHARSET=utf8mb4;

ALTER TABLE `DEPARTMENT`
  ADD PRIMARY KEY (`Dnumber`),
  ADD UNIQUE KEY `Dname` (`Dname`),
  ADD KEY `Manager_ssn` (`Manager_ssn`);

ALTER TABLE `DEPENDENT`
  ADD PRIMARY KEY (`Essn`,`Dependent_name`);

ALTER TABLE `DEPT_LOCATIONS`
  ADD PRIMARY KEY (`Dnumber`,`Dlocation`);

ALTER TABLE `EMPLOYEE`
  ADD PRIMARY KEY (`SSN`),
  ADD KEY `Supervisor` (`Supervisor`),
  ADD KEY `Department` (`Department`);

ALTER TABLE `PROJECT`
  ADD PRIMARY KEY (`Pnumber`),
  ADD UNIQUE KEY `Pname` (`Pname`),
  ADD KEY `Controlling_department` (`Controlling_department`);

ALTER TABLE `WORKS_ON`
  ADD PRIMARY KEY (`Essn`,`Pno`),
  ADD KEY `Pno` (`Pno`);

ALTER TABLE `DEPARTMENT`
  ADD CONSTRAINT `DEPARTMENT_ibfk_1` FOREIGN KEY (`Manager_ssn`) REFERENCES `EMPLOYEE` (`SSN`);

ALTER TABLE `DEPT_LOCATIONS`
  ADD CONSTRAINT `DEPT_LOCATIONS_ibfk_1` FOREIGN KEY (`Dnumber`) REFERENCES `DEPARTMENT` (`Dnumber`);

ALTER TABLE `EMPLOYEE`
  ADD CONSTRAINT `EMPLOYEE_ibfk_1` FOREIGN KEY (`Supervisor`) REFERENCES `EMPLOYEE` (`SSN`),
  ADD CONSTRAINT `EMPLOYEE_ibfk_2` FOREIGN KEY (`Department`) REFERENCES `DEPARTMENT` (`Dnumber`);

ALTER TABLE `PROJECT`
  ADD CONSTRAINT `PROJECT_ibfk_1` FOREIGN KEY (`Controlling_department`) REFERENCES `DEPARTMENT` (`Dnumber`);

ALTER TABLE `WORKS_ON`
  ADD CONSTRAINT `WORKS_ON_ibfk_1` FOREIGN KEY (`Essn`) REFERENCES `EMPLOYEE` (`SSN`),
  ADD CONSTRAINT `WORKS_ON_ibfk_2` FOREIGN KEY (`Pno`) REFERENCES `PROJECT` (`Pnumber`);

