INFO     - 2018-10-06 08:56:34,735 [Department.py][update_data]  UPDATE DEPARTMENT SET Manager_ssn=%s, Manager_start_date=%s WHERE Dnumber=%s ('333445555', '22-MAY-1978', 5)
INFO     - 2018-10-06 08:56:34,742 [Department.py][update_data]  UPDATE DEPARTMENT SET Manager_ssn=%s, Manager_start_date=%s WHERE Dnumber=%s ('987654321', '01-JAN-1985', 4)
INFO     - 2018-10-06 08:56:34,748 [Department.py][update_data]  UPDATE DEPARTMENT SET Manager_ssn=%s, Manager_start_date=%s WHERE Dnumber=%s ('888665555', '19-JUN-1971', 1)
INFO     - 2018-10-06 08:56:34,753 [Department.py][update_data]  UPDATE DEPARTMENT SET Manager_ssn=%s, Manager_start_date=%s WHERE Dnumber=%s ('111111100', '15-MAY-1999', 6)
INFO     - 2018-10-06 08:56:34,758 [Department.py][update_data]  UPDATE DEPARTMENT SET Manager_ssn=%s, Manager_start_date=%s WHERE Dnumber=%s ('444444400', '15-MAY-1998', 7)
INFO     - 2018-10-06 08:56:34,763 [Department.py][update_data]  UPDATE DEPARTMENT SET Manager_ssn=%s, Manager_start_date=%s WHERE Dnumber=%s ('555555500', '01-JAN-1997', 8)
INFO     - 2018-10-06 08:56:34,771 [Department.py][update_data]  UPDATE DEPARTMENT SET Manager_ssn=%s, Manager_start_date=%s WHERE Dnumber=%s ('112244668', '01-FEB-1989', 9)
INFO     - 2018-10-06 08:56:34,777 [Department.py][update_data]  UPDATE DEPARTMENT SET Manager_ssn=%s, Manager_start_date=%s WHERE Dnumber=%s ('110110110', '15-MAY-2009', 3)
INFO     - 2018-10-06 08:56:34,781 [Department.py][update_data]  UPDATE DEPARTMENT SET Manager_ssn=%s, Manager_start_date=%s WHERE Dnumber=%s ('913323708', '2-FEB-2010', 11)
INFO     - 2018-10-06 08:56:58,060 [Department.py][update_data]  UPDATE DEPARTMENT SET Manager_ssn=%s, Manager_start_date=STR_TO_DATE(%s,'%d-%b-%Y') WHERE Dnumber=%s ('333445555', '22-MAY-1978', 5)
INFO     - 2018-10-06 08:56:58,104 [Department.py][update_data]  UPDATE DEPARTMENT SET Manager_ssn=%s, Manager_start_date=STR_TO_DATE(%s,'%d-%b-%Y') WHERE Dnumber=%s ('987654321', '01-JAN-1985', 4)
INFO     - 2018-10-06 08:56:58,172 [Department.py][update_data]  UPDATE DEPARTMENT SET Manager_ssn=%s, Manager_start_date=STR_TO_DATE(%s,'%d-%b-%Y') WHERE Dnumber=%s ('888665555', '19-JUN-1971', 1)
INFO     - 2018-10-06 08:56:58,239 [Department.py][update_data]  UPDATE DEPARTMENT SET Manager_ssn=%s, Manager_start_date=STR_TO_DATE(%s,'%d-%b-%Y') WHERE Dnumber=%s ('111111100', '15-MAY-1999', 6)
INFO     - 2018-10-06 08:56:58,284 [Department.py][update_data]  UPDATE DEPARTMENT SET Manager_ssn=%s, Manager_start_date=STR_TO_DATE(%s,'%d-%b-%Y') WHERE Dnumber=%s ('444444400', '15-MAY-1998', 7)
INFO     - 2018-10-06 08:56:58,467 [Department.py][update_data]  UPDATE DEPARTMENT SET Manager_ssn=%s, Manager_start_date=STR_TO_DATE(%s,'%d-%b-%Y') WHERE Dnumber=%s ('555555500', '01-JAN-1997', 8)
INFO     - 2018-10-06 08:56:58,551 [Department.py][update_data]  UPDATE DEPARTMENT SET Manager_ssn=%s, Manager_start_date=STR_TO_DATE(%s,'%d-%b-%Y') WHERE Dnumber=%s ('112244668', '01-FEB-1989', 9)
INFO     - 2018-10-06 08:56:58,596 [Department.py][update_data]  UPDATE DEPARTMENT SET Manager_ssn=%s, Manager_start_date=STR_TO_DATE(%s,'%d-%b-%Y') WHERE Dnumber=%s ('110110110', '15-MAY-2009', 3)
INFO     - 2018-10-06 08:56:58,641 [Department.py][update_data]  UPDATE DEPARTMENT SET Manager_ssn=%s, Manager_start_date=STR_TO_DATE(%s,'%d-%b-%Y') WHERE Dnumber=%s ('913323708', '2-FEB-2010', 11)
INFO     - 2018-10-06 11:43:20,468 [Department.py][update_data]  UPDATE DEPARTMENT SET Manager_ssn=%s, Manager_start_date=STR_TO_DATE(%s,'%d-%b-%Y') WHERE Dnumber=%s ('333445555', '22-MAY-1978', 5)
INFO     - 2018-10-06 11:43:20,512 [Department.py][update_data]  UPDATE DEPARTMENT SET Manager_ssn=%s, Manager_start_date=STR_TO_DATE(%s,'%d-%b-%Y') WHERE Dnumber=%s ('987654321', '01-JAN-1985', 4)
INFO     - 2018-10-06 11:43:20,592 [Department.py][update_data]  UPDATE DEPARTMENT SET Manager_ssn=%s, Manager_start_date=STR_TO_DATE(%s,'%d-%b-%Y') WHERE Dnumber=%s ('888665555', '19-JUN-1971', 1)
INFO     - 2018-10-06 11:43:20,735 [Department.py][update_data]  UPDATE DEPARTMENT SET Manager_ssn=%s, Manager_start_date=STR_TO_DATE(%s,'%d-%b-%Y') WHERE Dnumber=%s ('111111100', '15-MAY-1999', 6)
INFO     - 2018-10-06 11:43:20,778 [Department.py][update_data]  UPDATE DEPARTMENT SET Manager_ssn=%s, Manager_start_date=STR_TO_DATE(%s,'%d-%b-%Y') WHERE Dnumber=%s ('444444400', '15-MAY-1998', 7)
INFO     - 2018-10-06 11:43:20,808 [Department.py][update_data]  UPDATE DEPARTMENT SET Manager_ssn=%s, Manager_start_date=STR_TO_DATE(%s,'%d-%b-%Y') WHERE Dnumber=%s ('555555500', '01-JAN-1997', 8)
INFO     - 2018-10-06 11:43:20,844 [Department.py][update_data]  UPDATE DEPARTMENT SET Manager_ssn=%s, Manager_start_date=STR_TO_DATE(%s,'%d-%b-%Y') WHERE Dnumber=%s ('112244668', '01-FEB-1989', 9)
INFO     - 2018-10-06 11:43:20,889 [Department.py][update_data]  UPDATE DEPARTMENT SET Manager_ssn=%s, Manager_start_date=STR_TO_DATE(%s,'%d-%b-%Y') WHERE Dnumber=%s ('110110110', '15-MAY-2009', 3)
INFO     - 2018-10-06 11:43:20,933 [Department.py][update_data]  UPDATE DEPARTMENT SET Manager_ssn=%s, Manager_start_date=STR_TO_DATE(%s,'%d-%b-%Y') WHERE Dnumber=%s ('913323708', '2-FEB-2010', 11)
