INFO     - 2018-10-06 00:53:33,941 [Employee.py][insert_data]  INSERT INTO EMPLOYEE (Fname, Minit, Lname, SSN, Birth_date, Address, Sex, Salary, Department) VALUE (%s, %s, %s, %s, STR_TO_DATE(%s,'%d-%b-%Y'), %s, %s, %s, %s) ('James', 'E', 'Jordan', '888665151', '10-NOV-1927', '450 Stone,Houston,TX', 'M', 55000, 1)
INFO     - 2018-10-06 00:53:33,998 [Employee.py][insert_data]  INSERT INTO EMPLOYEE (Fname, Minit, Lname, SSN, Birth_date, Address, Sex, Salary, Department) VALUE (%s, %s, %s, %s, STR_TO_DATE(%s,'%d-%b-%Y'), %s, %s, %s, %s) ('Frank', 'T', 'Wong', '333445555', '08-DEC-1945', '638 Voss,Houston,TX', 'M', 40000, 5)
INFO     - 2018-10-06 00:53:34,065 [Employee.py][insert_data]  INSERT INTO EMPLOYEE (Fname, Minit, Lname, SSN, Birth_date, Address, Sex, Salary, Department) VALUE (%s, %s, %s, %s, STR_TO_DATE(%s,'%d-%b-%Y'), %s, %s, %s, %s) ('Jennifer', 'S', 'Wallace', '987654321', '20-JUN-1931', '291 Berry,Bellaire,TX', 'F', 43000, 4)
INFO     - 2018-10-06 00:53:34,110 [Employee.py][insert_data]  INSERT INTO EMPLOYEE (Fname, Minit, Lname, SSN, Birth_date, Address, Sex, Salary, Department) VALUE (%s, %s, %s, %s, STR_TO_DATE(%s,'%d-%b-%Y'), %s, %s, %s, %s) ('Jared', 'D', 'James', '111111100', '10-OCT-1966', '123 Peachtr,Atlanta,GA', 'M', 85000, 6)
INFO     - 2018-10-06 00:53:34,155 [Employee.py][insert_data]  INSERT INTO EMPLOYEE (Fname, Minit, Lname, SSN, Birth_date, Address, Sex, Salary, Department) VALUE (%s, %s, %s, %s, STR_TO_DATE(%s,'%d-%b-%Y'), %s, %s, %s, %s) ('Alex', 'D', 'Freed', '444444400', '09-OCT-1950', '4333 Pillsbury,Milwaukee,WI', 'M', 89000, 7)
INFO     - 2018-10-06 00:53:34,199 [Employee.py][insert_data]  INSERT INTO EMPLOYEE (Fname, Minit, Lname, SSN, Birth_date, Address, Sex, Salary, Department) VALUE (%s, %s, %s, %s, STR_TO_DATE(%s,'%d-%b-%Y'), %s, %s, %s, %s) ('John', 'C', 'James', '555555500', '30-JUN-1975', '766 Bloomington,Sacramento,CA', 'M', 81000, 8)
INFO     - 2018-10-06 00:53:34,244 [Employee.py][insert_data]  INSERT INTO EMPLOYEE (Fname, Minit, Lname, SSN, Birth_date, Address, Sex, Salary, Department) VALUE (%s, %s, %s, %s, STR_TO_DATE(%s,'%d-%b-%Y'), %s, %s, %s, %s) ('John', 'B', 'Smith', '123456789', '09-Jan-1955', '731 Fondren,Houston,TX', 'M', 30000, 5)
INFO     - 2018-10-06 00:53:34,289 [Employee.py][insert_data]  INSERT INTO EMPLOYEE (Fname, Minit, Lname, SSN, Birth_date, Address, Sex, Salary, Department) VALUE (%s, %s, %s, %s, STR_TO_DATE(%s,'%d-%b-%Y'), %s, %s, %s, %s) ('Alicia', 'J', 'Zelaya', '999887777', '19-JUL-1958', '3321 Castle,Spring,TX', 'F', 25000, 4)
INFO     - 2018-10-06 00:53:34,333 [Employee.py][insert_data]  INSERT INTO EMPLOYEE (Fname, Minit, Lname, SSN, Birth_date, Address, Sex, Salary, Department) VALUE (%s, %s, %s, %s, STR_TO_DATE(%s,'%d-%b-%Y'), %s, %s, %s, %s) ('Ramesh', 'K', 'Narayan', '666884444', '15-SEP-1952', '971 Fire Oak,Humble,TX', 'M', 38000, 5)
INFO     - 2018-10-06 00:53:34,378 [Employee.py][insert_data]  INSERT INTO EMPLOYEE (Fname, Minit, Lname, SSN, Birth_date, Address, Sex, Salary, Department) VALUE (%s, %s, %s, %s, STR_TO_DATE(%s,'%d-%b-%Y'), %s, %s, %s, %s) ('Joyce', 'A', 'English', '453453453', '31-JUL-1962', '5631 Rice Oak,Houston,TX', 'F', 25000, 5)
INFO     - 2018-10-06 00:53:34,423 [Employee.py][insert_data]  INSERT INTO EMPLOYEE (Fname, Minit, Lname, SSN, Birth_date, Address, Sex, Salary, Department) VALUE (%s, %s, %s, %s, STR_TO_DATE(%s,'%d-%b-%Y'), %s, %s, %s, %s) ('Ahmad', 'V', 'Jabbar', '987987987', '29-MAR-1959', '980 Dallas,Houston,TX', 'M', 25000, 4)
INFO     - 2018-10-06 00:53:34,468 [Employee.py][insert_data]  INSERT INTO EMPLOYEE (Fname, Minit, Lname, SSN, Birth_date, Address, Sex, Salary, Department) VALUE (%s, %s, %s, %s, STR_TO_DATE(%s,'%d-%b-%Y'), %s, %s, %s, %s) ('Jon', 'C', 'Jones', '111111101', '14-NOV-1967', '111 Allgood,Atlanta,GA', 'M', 45000, 6)
INFO     - 2018-10-06 00:53:34,513 [Employee.py][insert_data]  INSERT INTO EMPLOYEE (Fname, Minit, Lname, SSN, Birth_date, Address, Sex, Salary, Department) VALUE (%s, %s, %s, %s, STR_TO_DATE(%s,'%d-%b-%Y'), %s, %s, %s, %s) ('Justin', None, 'Mark', '111111102', '12-JAN-1966', '2342 May,Atlanta,GA', 'M', 40000, 6)
INFO     - 2018-10-06 00:53:34,557 [Employee.py][insert_data]  INSERT INTO EMPLOYEE (Fname, Minit, Lname, SSN, Birth_date, Address, Sex, Salary, Department) VALUE (%s, %s, %s, %s, STR_TO_DATE(%s,'%d-%b-%Y'), %s, %s, %s, %s) ('Brad', 'C', 'Knight', '111111103', '13-FEB-1968', '176 Main St.,Atlanta,GA', 'M', 44000, 6)
INFO     - 2018-10-06 00:53:34,602 [Employee.py][insert_data]  INSERT INTO EMPLOYEE (Fname, Minit, Lname, SSN, Birth_date, Address, Sex, Salary, Department) VALUE (%s, %s, %s, %s, STR_TO_DATE(%s,'%d-%b-%Y'), %s, %s, %s, %s) ('Evan', 'E', 'Wallis', '222222200', '16-JAN-1958', '134 Pelham,Milwaukee,WI', 'M', 92000, 7)
INFO     - 2018-10-06 00:53:34,647 [Employee.py][insert_data]  INSERT INTO EMPLOYEE (Fname, Minit, Lname, SSN, Birth_date, Address, Sex, Salary, Department) VALUE (%s, %s, %s, %s, STR_TO_DATE(%s,'%d-%b-%Y'), %s, %s, %s, %s) ('Josh', 'U', 'Zell', '222222201', '22-MAY-1954', '266 McGrady,Milwaukee,WI', 'M', 56000, 7)
INFO     - 2018-10-06 00:53:34,692 [Employee.py][insert_data]  INSERT INTO EMPLOYEE (Fname, Minit, Lname, SSN, Birth_date, Address, Sex, Salary, Department) VALUE (%s, %s, %s, %s, STR_TO_DATE(%s,'%d-%b-%Y'), %s, %s, %s, %s) ('Andy', 'C', 'Vile', '222222202', '21-JUN-1944', '1967 Jordan,Milwaukee,WI', 'M', 53000, 7)
INFO     - 2018-10-06 00:53:34,736 [Employee.py][insert_data]  INSERT INTO EMPLOYEE (Fname, Minit, Lname, SSN, Birth_date, Address, Sex, Salary, Department) VALUE (%s, %s, %s, %s, STR_TO_DATE(%s,'%d-%b-%Y'), %s, %s, %s, %s) ('Tom', 'G', 'Brand', '222222203', '16-DEC-1966', '112 Third St,Milwaukee,WI', 'M', 62500, 7)
INFO     - 2018-10-06 00:53:34,781 [Employee.py][insert_data]  INSERT INTO EMPLOYEE (Fname, Minit, Lname, SSN, Birth_date, Address, Sex, Salary, Department) VALUE (%s, %s, %s, %s, STR_TO_DATE(%s,'%d-%b-%Y'), %s, %s, %s, %s) ('Jenny', 'F', 'Vos', '222222204', '11-NOV-1967', '263 Mayberry,Milwaukee,WI', 'F', 61000, 7)
INFO     - 2018-10-06 00:53:34,826 [Employee.py][insert_data]  INSERT INTO EMPLOYEE (Fname, Minit, Lname, SSN, Birth_date, Address, Sex, Salary, Department) VALUE (%s, %s, %s, %s, STR_TO_DATE(%s,'%d-%b-%Y'), %s, %s, %s, %s) ('Chris', 'A', 'Carter', '222222205', '21-MAR-1960', '565 Jordan,Milwaukee,WI', 'F', 43000, 7)
INFO     - 2018-10-06 00:53:34,871 [Employee.py][insert_data]  INSERT INTO EMPLOYEE (Fname, Minit, Lname, SSN, Birth_date, Address, Sex, Salary, Department) VALUE (%s, %s, %s, %s, STR_TO_DATE(%s,'%d-%b-%Y'), %s, %s, %s, %s) ('Kim', 'C', 'Grace', '333333300', '23-OCT-1970', '667 Mills Ave,Sacramento,CA', 'F', 79000, 6)
INFO     - 2018-10-06 00:53:34,915 [Employee.py][insert_data]  INSERT INTO EMPLOYEE (Fname, Minit, Lname, SSN, Birth_date, Address, Sex, Salary, Department) VALUE (%s, %s, %s, %s, STR_TO_DATE(%s,'%d-%b-%Y'), %s, %s, %s, %s) ('Jeff', 'H', 'Chase', '333333301', '07-JAN-1970', '15 Bradbury,Sacramento,CA', 'M', 44000, 6)
INFO     - 2018-10-06 00:53:34,960 [Employee.py][insert_data]  INSERT INTO EMPLOYEE (Fname, Minit, Lname, SSN, Birth_date, Address, Sex, Salary, Department) VALUE (%s, %s, %s, %s, STR_TO_DATE(%s,'%d-%b-%Y'), %s, %s, %s, %s) ('Bonnie', 'S', 'Bays', '444444401', '19-JUN-1956', '111 Hollow,Milwaukee,WI', 'F', 70000, 7)
INFO     - 2018-10-06 00:53:35,005 [Employee.py][insert_data]  INSERT INTO EMPLOYEE (Fname, Minit, Lname, SSN, Birth_date, Address, Sex, Salary, Department) VALUE (%s, %s, %s, %s, STR_TO_DATE(%s,'%d-%b-%Y'), %s, %s, %s, %s) ('Alec', 'C', 'Best', '444444402', '18-JUN-1966', '233 Solid,Milwaukee,WI', 'M', 60000, 7)
INFO     - 2018-10-06 00:53:35,049 [Employee.py][insert_data]  INSERT INTO EMPLOYEE (Fname, Minit, Lname, SSN, Birth_date, Address, Sex, Salary, Department) VALUE (%s, %s, %s, %s, STR_TO_DATE(%s,'%d-%b-%Y'), %s, %s, %s, %s) ('Sam', 'S', 'Snedden', '444444403', '31-JUL-1977', '97 Windy St,Milwaukee,WI', 'M', 48000, 7)
INFO     - 2018-10-06 00:53:35,094 [Employee.py][insert_data]  INSERT INTO EMPLOYEE (Fname, Minit, Lname, SSN, Birth_date, Address, Sex, Salary, Department) VALUE (%s, %s, %s, %s, STR_TO_DATE(%s,'%d-%b-%Y'), %s, %s, %s, %s) ('Nandita', 'K', 'Ball', '555555501', '16-APR-1969', '222 Howard,Sacramento,CA', 'M', 62000, 6)
INFO     - 2018-10-06 00:53:35,183 [Employee.py][insert_data]  INSERT INTO EMPLOYEE (Fname, Minit, Lname, SSN, Birth_date, Address, Sex, Salary, Department) VALUE (%s, %s, %s, %s, STR_TO_DATE(%s,'%d-%b-%Y'), %s, %s, %s, %s) ('Bob', 'B', 'Bender', '666666600', '17-APR-1968', '8794 Garfield,Chicago,IL', 'M', 96000, 8)
INFO     - 2018-10-06 00:53:35,228 [Employee.py][insert_data]  INSERT INTO EMPLOYEE (Fname, Minit, Lname, SSN, Birth_date, Address, Sex, Salary, Department) VALUE (%s, %s, %s, %s, STR_TO_DATE(%s,'%d-%b-%Y'), %s, %s, %s, %s) ('Jill', 'J', 'Jarvis', '666666601', '14-JAN-1966', '6234 Lincoln,Chicago,IL', 'F', 36000, 8)
INFO     - 2018-10-06 00:53:35,284 [Employee.py][insert_data]  INSERT INTO EMPLOYEE (Fname, Minit, Lname, SSN, Birth_date, Address, Sex, Salary, Department) VALUE (%s, %s, %s, %s, STR_TO_DATE(%s,'%d-%b-%Y'), %s, %s, %s, %s) ('Kate', 'W', 'King', '666666602', '16-APR-1966', '1976 Boone Trace,Chicago,IL', 'F', 44000, 8)
INFO     - 2018-10-06 00:53:35,329 [Employee.py][insert_data]  INSERT INTO EMPLOYEE (Fname, Minit, Lname, SSN, Birth_date, Address, Sex, Salary, Department) VALUE (%s, %s, %s, %s, STR_TO_DATE(%s,'%d-%b-%Y'), %s, %s, %s, %s) ('Lyle', 'G', 'Leslie', '666666603', '09-JUN-1963', '417 Hancock Ave,Chicago,IL', 'M', 41000, 8)
INFO     - 2018-10-06 00:53:35,385 [Employee.py][insert_data]  INSERT INTO EMPLOYEE (Fname, Minit, Lname, SSN, Birth_date, Address, Sex, Salary, Department) VALUE (%s, %s, %s, %s, STR_TO_DATE(%s,'%d-%b-%Y'), %s, %s, %s, %s) ('Billie', 'J', 'King', '666666604', '01-JAN-1960', '556 Washington,Chicago,IL', 'F', 38000, 8)
INFO     - 2018-10-06 00:53:35,429 [Employee.py][insert_data]  INSERT INTO EMPLOYEE (Fname, Minit, Lname, SSN, Birth_date, Address, Sex, Salary, Department) VALUE (%s, %s, %s, %s, STR_TO_DATE(%s,'%d-%b-%Y'), %s, %s, %s, %s) ('Megan', 'G', 'Jones', '254937381', '02-MAR-1961', '528 Stone CT,Chicago,IL', 'F', 62000, 8)
INFO     - 2018-10-06 00:53:35,474 [Employee.py][insert_data]  INSERT INTO EMPLOYEE (Fname, Minit, Lname, SSN, Birth_date, Address, Sex, Salary, Department) VALUE (%s, %s, %s, %s, STR_TO_DATE(%s,'%d-%b-%Y'), %s, %s, %s, %s) ('Jon', 'A', 'Kramer', '666666605', '22-AUG-1964', '1988 Windy Creek,Seattle,WA', 'M', 41500, 8)
INFO     - 2018-10-06 00:53:35,519 [Employee.py][insert_data]  INSERT INTO EMPLOYEE (Fname, Minit, Lname, SSN, Birth_date, Address, Sex, Salary, Department) VALUE (%s, %s, %s, %s, STR_TO_DATE(%s,'%d-%b-%Y'), %s, %s, %s, %s) ('Ray', 'H', 'King', '666666606', '16-AUG-1949', '213 Delk Road,Seattle,WA', 'M', 44500, 8)
INFO     - 2018-10-06 00:53:35,564 [Employee.py][insert_data]  INSERT INTO EMPLOYEE (Fname, Minit, Lname, SSN, Birth_date, Address, Sex, Salary, Department) VALUE (%s, %s, %s, %s, STR_TO_DATE(%s,'%d-%b-%Y'), %s, %s, %s, %s) ('Gerald', 'D', 'Small', '666666607', '15-MAY-1962', '122 Ball Street,Dallas,TX', 'M', 29000, 8)
INFO     - 2018-10-06 00:53:35,597 [Employee.py][insert_data]  INSERT INTO EMPLOYEE (Fname, Minit, Lname, SSN, Birth_date, Address, Sex, Salary, Department) VALUE (%s, %s, %s, %s, STR_TO_DATE(%s,'%d-%b-%Y'), %s, %s, %s, %s) ('Arnold', 'A', 'Head', '666666608', '19-MAY-1967', '233 Spring St,Dallas,TX', 'M', 33000, 8)
INFO     - 2018-10-06 00:53:35,642 [Employee.py][insert_data]  INSERT INTO EMPLOYEE (Fname, Minit, Lname, SSN, Birth_date, Address, Sex, Salary, Department) VALUE (%s, %s, %s, %s, STR_TO_DATE(%s,'%d-%b-%Y'), %s, %s, %s, %s) ('Helga', 'C', 'Pataki', '666666609', '11-MAR-1969', '101 Holyoke St,Dallas,TX', 'F', 32000, 8)
INFO     - 2018-10-06 00:53:35,687 [Employee.py][insert_data]  INSERT INTO EMPLOYEE (Fname, Minit, Lname, SSN, Birth_date, Address, Sex, Salary, Department) VALUE (%s, %s, %s, %s, STR_TO_DATE(%s,'%d-%b-%Y'), %s, %s, %s, %s) ('Naveen', 'B', 'Drew', '666666610', '23-MAY-1970', '198 Elm St,Philadelphia,PA', 'M', 34000, 8)
INFO     - 2018-10-06 00:53:35,731 [Employee.py][insert_data]  INSERT INTO EMPLOYEE (Fname, Minit, Lname, SSN, Birth_date, Address, Sex, Salary, Department) VALUE (%s, %s, %s, %s, STR_TO_DATE(%s,'%d-%b-%Y'), %s, %s, %s, %s) ('Carl', 'E', 'Reedy', '666666611', '21-JUN-1977', '213 Ball St,Philadelphia,PA', 'M', 32000, 8)
INFO     - 2018-10-06 00:53:35,776 [Employee.py][insert_data]  INSERT INTO EMPLOYEE (Fname, Minit, Lname, SSN, Birth_date, Address, Sex, Salary, Department) VALUE (%s, %s, %s, %s, STR_TO_DATE(%s,'%d-%b-%Y'), %s, %s, %s, %s) ('Sammy', 'G', 'Hall', '666666612', '11-JAN-1970', '433 Main Street,Miami,FL', 'M', 37000, 8)
INFO     - 2018-10-06 00:53:35,821 [Employee.py][insert_data]  INSERT INTO EMPLOYEE (Fname, Minit, Lname, SSN, Birth_date, Address, Sex, Salary, Department) VALUE (%s, %s, %s, %s, STR_TO_DATE(%s,'%d-%b-%Y'), %s, %s, %s, %s) ('Red', 'A', 'Bacher', '666666613', '21-MAY-1980', '196 Elm Street,Miami,FL', 'M', 33500, 8)
INFO     - 2018-10-06 00:53:35,867 [Employee.py][insert_data]  INSERT INTO EMPLOYEE (Fname, Minit, Lname, SSN, Birth_date, Address, Sex, Salary, Department) VALUE (%s, %s, %s, %s, STR_TO_DATE(%s,'%d-%b-%Y'), %s, %s, %s, %s) ('Roy', 'C', 'Lewallen', '999999999', '02-MAR-1977', '14 Wynncrest Street,Dallas,TX', 'M', 75500, 8)
INFO     - 2018-10-06 00:53:35,912 [Employee.py][insert_data]  INSERT INTO EMPLOYEE (Fname, Minit, Lname, SSN, Birth_date, Address, Sex, Salary, Department) VALUE (%s, %s, %s, %s, STR_TO_DATE(%s,'%d-%b-%Y'), %s, %s, %s, %s) ('John', 'T', 'Ed', '222333444', '18-FEB-1981', '4505 West St,Rochester,NY', 'M', 30000, 6)
INFO     - 2018-10-06 00:53:35,956 [Employee.py][insert_data]  INSERT INTO EMPLOYEE (Fname, Minit, Lname, SSN, Birth_date, Address, Sex, Salary, Department) VALUE (%s, %s, %s, %s, STR_TO_DATE(%s,'%d-%b-%Y'), %s, %s, %s, %s) ('Jennifer', 'A', 'Joy', '223344667', '19-MAY-1976', '1204 Main St,Miami,FL', 'F', 45000, 8)
INFO     - 2018-10-06 00:53:36,001 [Employee.py][insert_data]  INSERT INTO EMPLOYEE (Fname, Minit, Lname, SSN, Birth_date, Address, Sex, Salary, Department) VALUE (%s, %s, %s, %s, STR_TO_DATE(%s,'%d-%b-%Y'), %s, %s, %s, %s) ('Kim', 'G', 'Ted', '444222666', '15-APR-1968', '3648 Tree Cir,Austin,TX', 'M', 50000, 8)
INFO     - 2018-10-06 00:53:36,046 [Employee.py][insert_data]  INSERT INTO EMPLOYEE (Fname, Minit, Lname, SSN, Birth_date, Address, Sex, Salary, Department) VALUE (%s, %s, %s, %s, STR_TO_DATE(%s,'%d-%b-%Y'), %s, %s, %s, %s) ('Juan', 'G', 'Linda', '112244668', '23-JUN-1965', '1210 Apple St,Austin,TX', 'F', 55000, 9)
INFO     - 2018-10-06 00:53:36,091 [Employee.py][insert_data]  INSERT INTO EMPLOYEE (Fname, Minit, Lname, SSN, Birth_date, Address, Sex, Salary, Department) VALUE (%s, %s, %s, %s, STR_TO_DATE(%s,'%d-%b-%Y'), %s, %s, %s, %s) ('Jose', 'H', 'Barbara', '343434344', '28-FEB-1955', '905 East St,Kleen,TX', 'F', 35000, 6)
INFO     - 2018-10-06 00:53:36,147 [Employee.py][insert_data]  INSERT INTO EMPLOYEE (Fname, Minit, Lname, SSN, Birth_date, Address, Sex, Salary, Department) VALUE (%s, %s, %s, %s, STR_TO_DATE(%s,'%d-%b-%Y'), %s, %s, %s, %s) ('willie', 'D', 'Mary', '234234234', '20-DEC-1961', '101 South St,Arlington,TX', 'F', 12000, 9)
INFO     - 2018-10-06 00:53:36,192 [Employee.py][insert_data]  INSERT INTO EMPLOYEE (Fname, Minit, Lname, SSN, Birth_date, Address, Sex, Salary, Department) VALUE (%s, %s, %s, %s, STR_TO_DATE(%s,'%d-%b-%Y'), %s, %s, %s, %s) ('Erin', 'A', 'Maxfield', '242535609', '22-DEC-1971', '123 Copper St,Arlington,TX', 'F', 72000, 8)
INFO     - 2018-10-06 00:53:36,236 [Employee.py][insert_data]  INSERT INTO EMPLOYEE (Fname, Minit, Lname, SSN, Birth_date, Address, Sex, Salary, Department) VALUE (%s, %s, %s, %s, STR_TO_DATE(%s,'%d-%b-%Y'), %s, %s, %s, %s) ('Sunil', 'D', 'Gupta', '110110110', '01-FEB-2001', '4312 Bowen Rd,Arlington,TX', 'M', 80000, 3)
INFO     - 2018-10-06 00:53:36,281 [Employee.py][insert_data]  INSERT INTO EMPLOYEE (Fname, Minit, Lname, SSN, Birth_date, Address, Sex, Salary, Department) VALUE (%s, %s, %s, %s, STR_TO_DATE(%s,'%d-%b-%Y'), %s, %s, %s, %s) ('Penny', 'G', 'Wolowitz', '673466642', '21-JAN-1974', '42 South Blvd,Miami,FL', 'F', 17000, 6)
INFO     - 2018-10-06 00:53:36,326 [Employee.py][insert_data]  INSERT INTO EMPLOYEE (Fname, Minit, Lname, SSN, Birth_date, Address, Sex, Salary, Department) VALUE (%s, %s, %s, %s, STR_TO_DATE(%s,'%d-%b-%Y'), %s, %s, %s, %s) ('Michael', 'A', 'Morgan', '636669233', '11-MAY-1984', '26 Sunset Blvd,Miami,FL', 'M', 73500, 5)
INFO     - 2018-10-06 00:53:36,370 [Employee.py][insert_data]  INSERT INTO EMPLOYEE (Fname, Minit, Lname, SSN, Birth_date, Address, Sex, Salary, Department) VALUE (%s, %s, %s, %s, STR_TO_DATE(%s,'%d-%b-%Y'), %s, %s, %s, %s) ('Sheldon', 'C', 'Cucuou', '849934919', '22-MAR-1974', '11 Hollywood Blvd,Dallas,TX', 'M', 35500, 8)
INFO     - 2018-10-06 00:53:36,415 [Employee.py][insert_data]  INSERT INTO EMPLOYEE (Fname, Minit, Lname, SSN, Birth_date, Address, Sex, Salary, Department) VALUE (%s, %s, %s, %s, STR_TO_DATE(%s,'%d-%b-%Y'), %s, %s, %s, %s) ('Debra', 'T', 'Hall', '202843824', '11-MAR-1983', '45 NY St,Rochester,NY', 'F', 30000, 6)
INFO     - 2018-10-06 00:53:36,460 [Employee.py][insert_data]  INSERT INTO EMPLOYEE (Fname, Minit, Lname, SSN, Birth_date, Address, Sex, Salary, Department) VALUE (%s, %s, %s, %s, STR_TO_DATE(%s,'%d-%b-%Y'), %s, %s, %s, %s) ('Jisha', 'A', 'Carpenter', '292740167', '29-MAY-1985', '194 Beachdr,Miami,FL', 'F', 15000, 1)
INFO     - 2018-10-06 00:53:36,505 [Employee.py][insert_data]  INSERT INTO EMPLOYEE (Fname, Minit, Lname, SSN, Birth_date, Address, Sex, Salary, Department) VALUE (%s, %s, %s, %s, STR_TO_DATE(%s,'%d-%b-%Y'), %s, %s, %s, %s) ('Gregory', 'G', 'Laurie', '444212096', '15-SEP-1969', '78 Tree Cir,Houston,TX', 'M', 90000, 7)
INFO     - 2018-10-06 00:53:36,549 [Employee.py][insert_data]  INSERT INTO EMPLOYEE (Fname, Minit, Lname, SSN, Birth_date, Address, Sex, Salary, Department) VALUE (%s, %s, %s, %s, STR_TO_DATE(%s,'%d-%b-%Y'), %s, %s, %s, %s) ('Lisa', 'G', 'House', '101248268', '29-JUN-1975', '12 Maple St,Austin,TX', 'F', 85000, 7)
INFO     - 2018-10-06 00:53:36,594 [Employee.py][insert_data]  INSERT INTO EMPLOYEE (Fname, Minit, Lname, SSN, Birth_date, Address, Sex, Salary, Department) VALUE (%s, %s, %s, %s, STR_TO_DATE(%s,'%d-%b-%Y'), %s, %s, %s, %s) ('Leonard', 'H', 'Moody', '349273344', '09-FEB-1973', '908 Greek Row,Austin,TX', 'M', 45000, 7)
INFO     - 2018-10-06 00:53:36,683 [Employee.py][insert_data]  INSERT INTO EMPLOYEE (Fname, Minit, Lname, SSN, Birth_date, Address, Sex, Salary, Department) VALUE (%s, %s, %s, %s, STR_TO_DATE(%s,'%d-%b-%Y'), %s, %s, %s, %s) ('Jake', 'D', 'Sheen', '245239264', '25-DEC-1954', '20 North Co,Arlington,TX', 'M', 52000, 6)
INFO     - 2018-10-06 00:53:36,728 [Employee.py][insert_data]  INSERT INTO EMPLOYEE (Fname, Minit, Lname, SSN, Birth_date, Address, Sex, Salary, Department) VALUE (%s, %s, %s, %s, STR_TO_DATE(%s,'%d-%b-%Y'), %s, %s, %s, %s) ('Wilson', 'A', 'Holmes', '242916639', '02-JUN-1971', '21 South Co,Arlington,TX', 'M', 72500, 4)
INFO     - 2018-10-06 00:53:36,773 [Employee.py][insert_data]  INSERT INTO EMPLOYEE (Fname, Minit, Lname, SSN, Birth_date, Address, Sex, Salary, Department) VALUE (%s, %s, %s, %s, STR_TO_DATE(%s,'%d-%b-%Y'), %s, %s, %s, %s) ('Cameron', 'D', 'Thirteen', '111422203', '04-MAY-2001', '22 Univ Blvd,Arlington,TX', 'F', 80000, 4)
INFO     - 2018-10-06 00:53:36,817 [Employee.py][insert_data]  INSERT INTO EMPLOYEE (Fname, Minit, Lname, SSN, Birth_date, Address, Sex, Salary, Department) VALUE (%s, %s, %s, %s, STR_TO_DATE(%s,'%d-%b-%Y'), %s, %s, %s, %s) ('Joseph', 'K', 'Kirkish', '913323708', '04-MAR-1996', '22 UT Blvd,Austin,TX', 'M', 95000, 7)
INFO     - 2018-10-06 00:53:36,862 [Employee.py][insert_data]  INSERT INTO EMPLOYEE (Fname, Minit, Lname, SSN, Birth_date, Address, Sex, Salary, Department) VALUE (%s, %s, %s, %s, STR_TO_DATE(%s,'%d-%b-%Y'), %s, %s, %s, %s) ('Andrea', 'M', 'Sondrini', '614370310', '30-DEC-1996', '1450 Worthington St,Houston,TX', 'F', 65000, 5)
INFO     - 2018-10-06 00:53:36,906 [Employee.py][insert_data]  INSERT INTO EMPLOYEE (Fname, Minit, Lname, SSN, Birth_date, Address, Sex, Salary, Department) VALUE (%s, %s, %s, %s, STR_TO_DATE(%s,'%d-%b-%Y'), %s, %s, %s, %s) ('Cindy', 'K', 'Burklow', '432765098', '23-FEB-1984', '2015 Neil Ave,Miami,FL', 'F', 45000, 6)
INFO     - 2018-10-06 00:53:36,962 [Employee.py][insert_data]  INSERT INTO EMPLOYEE (Fname, Minit, Lname, SSN, Birth_date, Address, Sex, Salary, Department) VALUE (%s, %s, %s, %s, STR_TO_DATE(%s,'%d-%b-%Y'), %s, %s, %s, %s) ('Zach', 'A', 'Geller', '913353347', '15-AUG-1990', '333 PikeWay,Seattle,WA', 'M', 55000, 6)
INFO     - 2018-10-06 00:53:37,007 [Employee.py][insert_data]  INSERT INTO EMPLOYEE (Fname, Minit, Lname, SSN, Birth_date, Address, Sex, Salary, Department) VALUE (%s, %s, %s, %s, STR_TO_DATE(%s,'%d-%b-%Y'), %s, %s, %s, %s) ('Alex', 'C', 'Yu', '001614905', '17-OCT-1980', '626 Mary St,Dallas,TX', 'M', 50000, 6)
INFO     - 2018-10-06 00:53:37,041 [Employee.py][insert_data]  INSERT INTO EMPLOYEE (Fname, Minit, Lname, SSN, Birth_date, Address, Sex, Salary, Department) VALUE (%s, %s, %s, %s, STR_TO_DATE(%s,'%d-%b-%Y'), %s, %s, %s, %s) ('Richard', 'T', 'Koelbel', '214370999', '3-APR-1976', '50 Elk St,Chicago,IL', 'M', 85000, 4)
INFO     - 2018-10-06 00:53:37,085 [Employee.py][insert_data]  INSERT INTO EMPLOYEE (Fname, Minit, Lname, SSN, Birth_date, Address, Sex, Salary, Department) VALUE (%s, %s, %s, %s, STR_TO_DATE(%s,'%d-%b-%Y'), %s, %s, %s, %s) ('Christina', 'S', 'Hisel', '241625699', '5-JUL-1986', '37 Church Row,Rochester,NY', 'F', 45000, 6)
INFO     - 2018-10-06 00:53:37,130 [Employee.py][insert_data]  INSERT INTO EMPLOYEE (Fname, Minit, Lname, SSN, Birth_date, Address, Sex, Salary, Department) VALUE (%s, %s, %s, %s, STR_TO_DATE(%s,'%d-%b-%Y'), %s, %s, %s, %s) ('Percy', 'M', 'Liang', '398172999', '12-JUN-1991', '14 Maple St,Austin,TX', 'M', 55000, 9)
INFO     - 2018-10-06 00:53:37,175 [Employee.py][insert_data]  INSERT INTO EMPLOYEE (Fname, Minit, Lname, SSN, Birth_date, Address, Sex, Salary, Department) VALUE (%s, %s, %s, %s, STR_TO_DATE(%s,'%d-%b-%Y'), %s, %s, %s, %s) ('James', 'U', 'Miller', '906218888', '27-MAY-1978', '13 Fifth St,Seattle,WA', 'M', 75000, 5)
INFO     - 2018-10-06 01:35:42,238 [Employee.py][update_data]  UPDATE EMPLOYEE SET Supervisor=%s WHERE SSN=%s (None, '888665151')
INFO     - 2018-10-06 01:35:42,244 [Employee.py][update_data]  UPDATE EMPLOYEE SET Supervisor=%s WHERE SSN=%s ('888665555', '333445555')
INFO     - 2018-10-06 01:35:42,249 [Employee.py][update_data]  UPDATE EMPLOYEE SET Supervisor=%s WHERE SSN=%s ('888665555', '987654321')
INFO     - 2018-10-06 01:35:42,317 [Employee.py][update_data]  UPDATE EMPLOYEE SET Supervisor=%s WHERE SSN=%s (None, '111111100')
INFO     - 2018-10-06 01:35:42,361 [Employee.py][update_data]  UPDATE EMPLOYEE SET Supervisor=%s WHERE SSN=%s (None, '444444400')
INFO     - 2018-10-06 01:35:42,406 [Employee.py][update_data]  UPDATE EMPLOYEE SET Supervisor=%s WHERE SSN=%s (None, '555555500')
INFO     - 2018-10-06 01:35:42,451 [Employee.py][update_data]  UPDATE EMPLOYEE SET Supervisor=%s WHERE SSN=%s ('333445555', '123456789')
INFO     - 2018-10-06 01:35:42,495 [Employee.py][update_data]  UPDATE EMPLOYEE SET Supervisor=%s WHERE SSN=%s ('987654321', '999887777')
INFO     - 2018-10-06 01:35:42,540 [Employee.py][update_data]  UPDATE EMPLOYEE SET Supervisor=%s WHERE SSN=%s ('333445555', '666884444')
INFO     - 2018-10-06 01:35:42,584 [Employee.py][update_data]  UPDATE EMPLOYEE SET Supervisor=%s WHERE SSN=%s ('333445555', '453453453')
INFO     - 2018-10-06 01:35:42,629 [Employee.py][update_data]  UPDATE EMPLOYEE SET Supervisor=%s WHERE SSN=%s ('987654321', '987987987')
INFO     - 2018-10-06 01:35:42,696 [Employee.py][update_data]  UPDATE EMPLOYEE SET Supervisor=%s WHERE SSN=%s ('111111100', '111111101')
INFO     - 2018-10-06 01:35:42,741 [Employee.py][update_data]  UPDATE EMPLOYEE SET Supervisor=%s WHERE SSN=%s ('111111100', '111111102')
INFO     - 2018-10-06 01:35:42,785 [Employee.py][update_data]  UPDATE EMPLOYEE SET Supervisor=%s WHERE SSN=%s ('111111100', '111111103')
INFO     - 2018-10-06 01:35:42,831 [Employee.py][update_data]  UPDATE EMPLOYEE SET Supervisor=%s WHERE SSN=%s (None, '222222200')
INFO     - 2018-10-06 01:35:42,920 [Employee.py][update_data]  UPDATE EMPLOYEE SET Supervisor=%s WHERE SSN=%s ('222222200', '222222201')
INFO     - 2018-10-06 01:35:42,964 [Employee.py][update_data]  UPDATE EMPLOYEE SET Supervisor=%s WHERE SSN=%s ('222222200', '222222202')
INFO     - 2018-10-06 01:35:43,009 [Employee.py][update_data]  UPDATE EMPLOYEE SET Supervisor=%s WHERE SSN=%s ('222222200', '222222203')
INFO     - 2018-10-06 01:35:43,061 [Employee.py][update_data]  UPDATE EMPLOYEE SET Supervisor=%s WHERE SSN=%s ('222222201', '222222204')
INFO     - 2018-10-06 01:35:43,098 [Employee.py][update_data]  UPDATE EMPLOYEE SET Supervisor=%s WHERE SSN=%s ('222222201', '222222205')
INFO     - 2018-10-06 01:35:43,144 [Employee.py][update_data]  UPDATE EMPLOYEE SET Supervisor=%s WHERE SSN=%s (None, '333333300')
INFO     - 2018-10-06 01:35:43,188 [Employee.py][update_data]  UPDATE EMPLOYEE SET Supervisor=%s WHERE SSN=%s ('333333300', '333333301')
INFO     - 2018-10-06 01:35:43,232 [Employee.py][update_data]  UPDATE EMPLOYEE SET Supervisor=%s WHERE SSN=%s ('444444400', '444444401')
INFO     - 2018-10-06 01:35:43,277 [Employee.py][update_data]  UPDATE EMPLOYEE SET Supervisor=%s WHERE SSN=%s ('444444400', '444444402')
INFO     - 2018-10-06 01:35:43,311 [Employee.py][update_data]  UPDATE EMPLOYEE SET Supervisor=%s WHERE SSN=%s ('444444400', '444444403')
INFO     - 2018-10-06 01:35:43,344 [Employee.py][update_data]  UPDATE EMPLOYEE SET Supervisor=%s WHERE SSN=%s ('555555500', '555555501')
INFO     - 2018-10-06 01:35:43,378 [Employee.py][update_data]  UPDATE EMPLOYEE SET Supervisor=%s WHERE SSN=%s (None, '666666600')
INFO     - 2018-10-06 01:35:43,412 [Employee.py][update_data]  UPDATE EMPLOYEE SET Supervisor=%s WHERE SSN=%s ('666666600', '666666601')
INFO     - 2018-10-06 01:35:43,445 [Employee.py][update_data]  UPDATE EMPLOYEE SET Supervisor=%s WHERE SSN=%s ('666666600', '666666602')
INFO     - 2018-10-06 01:35:43,479 [Employee.py][update_data]  UPDATE EMPLOYEE SET Supervisor=%s WHERE SSN=%s ('666666601', '666666603')
INFO     - 2018-10-06 01:35:43,512 [Employee.py][update_data]  UPDATE EMPLOYEE SET Supervisor=%s WHERE SSN=%s ('666666603', '666666604')
INFO     - 2018-10-06 01:35:43,546 [Employee.py][update_data]  UPDATE EMPLOYEE SET Supervisor=%s WHERE SSN=%s ('666666600', '254937381')
INFO     - 2018-10-06 01:35:43,579 [Employee.py][update_data]  UPDATE EMPLOYEE SET Supervisor=%s WHERE SSN=%s ('666666603', '666666605')
INFO     - 2018-10-06 01:35:43,613 [Employee.py][update_data]  UPDATE EMPLOYEE SET Supervisor=%s WHERE SSN=%s ('666666604', '666666606')
INFO     - 2018-10-06 01:35:43,647 [Employee.py][update_data]  UPDATE EMPLOYEE SET Supervisor=%s WHERE SSN=%s ('666666602', '666666607')
INFO     - 2018-10-06 01:35:43,680 [Employee.py][update_data]  UPDATE EMPLOYEE SET Supervisor=%s WHERE SSN=%s ('666666602', '666666608')
INFO     - 2018-10-06 01:35:43,749 [Employee.py][update_data]  UPDATE EMPLOYEE SET Supervisor=%s WHERE SSN=%s ('666666602', '666666609')
INFO     - 2018-10-06 01:35:43,783 [Employee.py][update_data]  UPDATE EMPLOYEE SET Supervisor=%s WHERE SSN=%s ('666666607', '666666610')
INFO     - 2018-10-06 01:35:43,819 [Employee.py][update_data]  UPDATE EMPLOYEE SET Supervisor=%s WHERE SSN=%s ('666666610', '666666611')
INFO     - 2018-10-06 01:35:43,861 [Employee.py][update_data]  UPDATE EMPLOYEE SET Supervisor=%s WHERE SSN=%s ('666666611', '666666612')
INFO     - 2018-10-06 01:35:43,895 [Employee.py][update_data]  UPDATE EMPLOYEE SET Supervisor=%s WHERE SSN=%s ('666666612', '666666613')
INFO     - 2018-10-06 01:35:43,928 [Employee.py][update_data]  UPDATE EMPLOYEE SET Supervisor=%s WHERE SSN=%s ('666666600', '999999999')
INFO     - 2018-10-06 01:35:43,962 [Employee.py][update_data]  UPDATE EMPLOYEE SET Supervisor=%s WHERE SSN=%s ('555555501', '222333444')
INFO     - 2018-10-06 01:35:44,007 [Employee.py][update_data]  UPDATE EMPLOYEE SET Supervisor=%s WHERE SSN=%s ('666666613', '223344667')
INFO     - 2018-10-06 01:35:44,051 [Employee.py][update_data]  UPDATE EMPLOYEE SET Supervisor=%s WHERE SSN=%s ('999999999', '444222666')
INFO     - 2018-10-06 01:35:44,096 [Employee.py][update_data]  UPDATE EMPLOYEE SET Supervisor=%s WHERE SSN=%s (None, '112244668')
INFO     - 2018-10-06 01:35:44,141 [Employee.py][update_data]  UPDATE EMPLOYEE SET Supervisor=%s WHERE SSN=%s ('444444400', '343434344')
INFO     - 2018-10-06 01:35:44,185 [Employee.py][update_data]  UPDATE EMPLOYEE SET Supervisor=%s WHERE SSN=%s ('112244668', '234234234')
INFO     - 2018-10-06 01:35:44,230 [Employee.py][update_data]  UPDATE EMPLOYEE SET Supervisor=%s WHERE SSN=%s ('555555500', '242535609')
INFO     - 2018-10-06 01:35:44,275 [Employee.py][update_data]  UPDATE EMPLOYEE SET Supervisor=%s WHERE SSN=%s ('111111100', '110110110')
INFO     - 2018-10-06 01:35:44,320 [Employee.py][update_data]  UPDATE EMPLOYEE SET Supervisor=%s WHERE SSN=%s ('222333444', '673466642')
INFO     - 2018-10-06 01:35:44,364 [Employee.py][update_data]  UPDATE EMPLOYEE SET Supervisor=%s WHERE SSN=%s ('666666612', '636669233')
INFO     - 2018-10-06 01:35:44,366 [Employee.py][update_data]  UPDATE EMPLOYEE SET Supervisor=%s WHERE SSN=%s ('888665555', '849934919')
INFO     - 2018-10-06 01:35:44,454 [Employee.py][update_data]  UPDATE EMPLOYEE SET Supervisor=%s WHERE SSN=%s ('555555501', '202843824')
INFO     - 2018-10-06 01:35:44,498 [Employee.py][update_data]  UPDATE EMPLOYEE SET Supervisor=%s WHERE SSN=%s ('666666613', '292740167')
INFO     - 2018-10-06 01:35:44,543 [Employee.py][update_data]  UPDATE EMPLOYEE SET Supervisor=%s WHERE SSN=%s ('444444400', '444212096')
INFO     - 2018-10-06 01:35:44,588 [Employee.py][update_data]  UPDATE EMPLOYEE SET Supervisor=%s WHERE SSN=%s (None, '101248268')
INFO     - 2018-10-06 01:35:44,632 [Employee.py][update_data]  UPDATE EMPLOYEE SET Supervisor=%s WHERE SSN=%s ('444444400', '349273344')
INFO     - 2018-10-06 01:35:44,677 [Employee.py][update_data]  UPDATE EMPLOYEE SET Supervisor=%s WHERE SSN=%s ('112244668', '245239264')
INFO     - 2018-10-06 01:35:44,722 [Employee.py][update_data]  UPDATE EMPLOYEE SET Supervisor=%s WHERE SSN=%s ('555555500', '242916639')
INFO     - 2018-10-06 01:35:44,789 [Employee.py][update_data]  UPDATE EMPLOYEE SET Supervisor=%s WHERE SSN=%s ('987987987', '111422203')
INFO     - 2018-10-06 01:35:44,822 [Employee.py][update_data]  UPDATE EMPLOYEE SET Supervisor=%s WHERE SSN=%s (None, '913323708')
INFO     - 2018-10-06 01:35:44,856 [Employee.py][update_data]  UPDATE EMPLOYEE SET Supervisor=%s WHERE SSN=%s ('444444401', '614370310')
INFO     - 2018-10-06 01:35:44,890 [Employee.py][update_data]  UPDATE EMPLOYEE SET Supervisor=%s WHERE SSN=%s ('444444402', '432765098')
INFO     - 2018-10-06 01:35:44,924 [Employee.py][update_data]  UPDATE EMPLOYEE SET Supervisor=%s WHERE SSN=%s ('444444403', '913353347')
INFO     - 2018-10-06 01:35:44,957 [Employee.py][update_data]  UPDATE EMPLOYEE SET Supervisor=%s WHERE SSN=%s ('444444400', '001614905')
INFO     - 2018-10-06 01:35:45,002 [Employee.py][update_data]  UPDATE EMPLOYEE SET Supervisor=%s WHERE SSN=%s ('999999999', '214370999')
INFO     - 2018-10-06 01:35:45,047 [Employee.py][update_data]  UPDATE EMPLOYEE SET Supervisor=%s WHERE SSN=%s ('123456789', '241625699')
INFO     - 2018-10-06 01:35:45,092 [Employee.py][update_data]  UPDATE EMPLOYEE SET Supervisor=%s WHERE SSN=%s (None, '398172999')
INFO     - 2018-10-06 01:35:45,158 [Employee.py][update_data]  UPDATE EMPLOYEE SET Supervisor=%s WHERE SSN=%s ('999999999', '906218888')
